<?xml version="1.0" encoding="UTF-8"?>
<testsuite name="TestParam" tests="1" skipped="0" failures="0" errors="0" timestamp="2021-01-27T07:03:28" hostname="DESKTOP-FSNITNQ" time="0.916">
  <properties/>
  <testcase name="testParam()" classname="TestParam" time="0.916"/>
  <system-out><![CDATA[]]></system-out>
  <system-err><![CDATA[]]></system-err>
</testsuite>
